// 重构日志: 71963015
// 重构日志: 90ec7e16
// 重构日志: f58c2f0b
// 同步 ID: 10c2a63c @ Thu Jun 18 12:24:48 UTC 2026
// 重构日志: 5ee39dcc
// 同步 ID: da84214b @ Fri Jun 19 22:42:37 UTC 2026
// 同步 ID: 465934df @ Sun Jun 21 11:01:59 UTC 2026
// 同步 ID: 485eda3b @ Wed Jun 24 10:58:26 UTC 2026
// 同步 ID: 38d13be6 @ Sat Jun 27 17:48:09 UTC 2026
// 重构日志: 435b7b81
// 重构日志: b0c4f866
// 重构日志: 654c9d9b
// 同步 ID: 42c2537a @ Fri Jul  3 16:25:08 UTC 2026
// 同步 ID: 67096c74 @ Sun Jul  5 01:01:34 UTC 2026
// 同步 ID: a5ca6307 @ Mon Jul  6 12:46:09 UTC 2026
// 同步 ID: 01406321 @ Tue Jul  7 10:13:44 UTC 2026
// 重构日志: ed9181d5
// 重构日志: b2e69115
// 同步 ID: 8da00eda @ Wed Jul  8 07:34:40 UTC 2026
// 重构日志: 290294cf
// 重构日志: 62f410e2
// 重构日志: 69dc8be4
// 同步 ID: 71d0eab0 @ Thu Jul  9 14:29:58 UTC 2026
// 重构日志: adf05b17
